2021-10-13 13:03:31 [restartedMain] INFO  c.s.t.r.RestfullwebserviceApplication -
				Starting RestfullwebserviceApplication using Java 15.0.1 on DESKTOP-2C4B46B with PID 3908 (D:\SpringProject\restfullwebservice\target\classes started by Amit Sharma in D:\SpringProject\restfullwebservice)
2021-10-13 13:03:31 [restartedMain] DEBUG c.s.t.r.RestfullwebserviceApplication -
				Running with Spring Boot v2.5.5, Spring v5.3.10
2021-10-13 13:03:31 [restartedMain] INFO  c.s.t.r.RestfullwebserviceApplication -
				No active profile set, falling back to default profiles: default
2021-10-13 13:03:32 [restartedMain] INFO  c.s.t.r.RestfullwebserviceApplication -
				Started RestfullwebserviceApplication in 1.123 seconds (JVM running for 149.835)
2021-10-13 13:05:01 [restartedMain] DEBUG c.s.t.r.RestfullwebserviceApplication -
				Start
2021-10-13 13:05:01 [restartedMain] INFO  c.s.t.r.RestfullwebserviceApplication -
				Starting RestfullwebserviceApplication using Java 15.0.1 on DESKTOP-2C4B46B with PID 3908 (D:\SpringProject\restfullwebservice\target\classes started by Amit Sharma in D:\SpringProject\restfullwebservice)
2021-10-13 13:05:01 [restartedMain] DEBUG c.s.t.r.RestfullwebserviceApplication -
				Running with Spring Boot v2.5.5, Spring v5.3.10
2021-10-13 13:05:01 [restartedMain] INFO  c.s.t.r.RestfullwebserviceApplication -
				No active profile set, falling back to default profiles: default
2021-10-13 13:05:02 [restartedMain] INFO  c.s.t.r.RestfullwebserviceApplication -
				Started RestfullwebserviceApplication in 1.264 seconds (JVM running for 239.929)
2021-10-13 13:05:38 [main] DEBUG c.s.t.r.RestfullwebserviceApplication -
				Start
2021-10-13 13:05:38 [restartedMain] DEBUG c.s.t.r.RestfullwebserviceApplication -
				Start
2021-10-13 13:05:38 [restartedMain] INFO  c.s.t.r.RestfullwebserviceApplication -
				Starting RestfullwebserviceApplication using Java 15.0.1 on DESKTOP-2C4B46B with PID 13344 (D:\SpringProject\restfullwebservice\target\classes started by Amit Sharma in D:\SpringProject\restfullwebservice)
2021-10-13 13:05:38 [restartedMain] DEBUG c.s.t.r.RestfullwebserviceApplication -
				Running with Spring Boot v2.5.5, Spring v5.3.10
2021-10-13 13:05:38 [restartedMain] INFO  c.s.t.r.RestfullwebserviceApplication -
				No active profile set, falling back to default profiles: default
2021-10-13 21:54:51 [http-nio-8080-exec-1] INFO  c.s.t.r.controllers.UserController -
				Get method
2021-10-13 21:54:51 [http-nio-8080-exec-1] DEBUG c.s.t.r.doa.UserDaoService -
				get
2021-10-13 21:55:55 [restartedMain] DEBUG c.s.t.r.RestfullwebserviceApplication -
				Start
2021-10-13 21:55:55 [restartedMain] INFO  c.s.t.r.RestfullwebserviceApplication -
				Starting RestfullwebserviceApplication using Java 15.0.1 on DESKTOP-2C4B46B with PID 3908 (D:\SpringProject\restfullwebservice\target\classes started by Amit Sharma in D:\SpringProject\restfullwebservice)
2021-10-13 21:55:55 [restartedMain] DEBUG c.s.t.r.RestfullwebserviceApplication -
				Running with Spring Boot v2.5.5, Spring v5.3.10
2021-10-13 21:55:55 [restartedMain] INFO  c.s.t.r.RestfullwebserviceApplication -
				No active profile set, falling back to default profiles: default
2021-10-13 21:55:56 [restartedMain] INFO  c.s.t.r.RestfullwebserviceApplication -
				Started RestfullwebserviceApplication in 1.023 seconds (JVM running for 32092.596)
2021-10-13 21:57:47 [main] DEBUG c.s.t.r.RestfullwebserviceApplication -
				Start
2021-10-13 21:57:48 [restartedMain] DEBUG c.s.t.r.RestfullwebserviceApplication -
				Start
2021-10-13 21:57:49 [restartedMain] INFO  c.s.t.r.RestfullwebserviceApplication -
				Starting RestfullwebserviceApplication using Java 15.0.1 on DESKTOP-2C4B46B with PID 14416 (D:\SpringProject\restfullwebservice\target\classes started by Amit Sharma in D:\SpringProject\restfullwebservice)
2021-10-13 21:57:49 [restartedMain] DEBUG c.s.t.r.RestfullwebserviceApplication -
				Running with Spring Boot v2.5.5, Spring v5.3.10
2021-10-13 21:57:49 [restartedMain] INFO  c.s.t.r.RestfullwebserviceApplication -
				No active profile set, falling back to default profiles: default
2021-10-13 21:57:58 [restartedMain] INFO  c.s.t.r.RestfullwebserviceApplication -
				Started RestfullwebserviceApplication in 10.693 seconds (JVM running for 13.103)
2021-10-13 21:59:12 [http-nio-8080-exec-1] INFO  c.s.t.r.controllers.UserController -
				Get method
2021-10-13 21:59:12 [http-nio-8080-exec-1] DEBUG c.s.t.r.doa.UserDaoService -
				get
2021-10-13 22:04:20 [http-nio-8080-exec-3] INFO  c.s.t.r.controllers.UserController -
				Get method
2021-10-13 22:04:20 [http-nio-8080-exec-3] DEBUG c.s.t.r.doa.UserDaoService -
				get
2021-10-13 22:04:33 [http-nio-8080-exec-4] INFO  c.s.t.r.controllers.UserController -
				Get method
2021-10-13 22:04:33 [http-nio-8080-exec-4] DEBUG c.s.t.r.doa.UserDaoService -
				get
2021-10-13 22:05:08 [restartedMain] DEBUG c.s.t.r.RestfullwebserviceApplication -
				Start
2021-10-13 22:05:08 [restartedMain] INFO  c.s.t.r.RestfullwebserviceApplication -
				Starting RestfullwebserviceApplication using Java 15.0.1 on DESKTOP-2C4B46B with PID 14416 (D:\SpringProject\restfullwebservice\target\classes started by Amit Sharma in D:\SpringProject\restfullwebservice)
2021-10-13 22:05:08 [restartedMain] DEBUG c.s.t.r.RestfullwebserviceApplication -
				Running with Spring Boot v2.5.5, Spring v5.3.10
2021-10-13 22:05:08 [restartedMain] INFO  c.s.t.r.RestfullwebserviceApplication -
				No active profile set, falling back to default profiles: default
2021-10-13 22:05:09 [restartedMain] INFO  c.s.t.r.RestfullwebserviceApplication -
				Started RestfullwebserviceApplication in 1.051 seconds (JVM running for 443.891)
2021-10-13 22:19:20 [http-nio-8080-exec-1] INFO  c.s.t.r.controllers.UserController -
				Get method
2021-10-13 22:19:20 [http-nio-8080-exec-1] DEBUG c.s.t.r.doa.UserDaoService -
				get
